2021-09-29 15:36:43,695 INFO org.springframework.jdbc.datasource.embedded.EmbeddedDatabaseFactory Starting embedded database: url='jdbc:h2:mem:testdb;DB_CLOSE_DELAY=-1;DB_CLOSE_ON_EXIT=false', username='sa'
2021-09-29 15:36:43,939 INFO org.springframework.jdbc.datasource.embedded.EmbeddedDatabaseFactory Starting embedded database: url='jdbc:h2:mem:testdb;DB_CLOSE_DELAY=-1;DB_CLOSE_ON_EXIT=false', username='sa'
2021-09-29 15:36:43,986 INFO org.springframework.jdbc.datasource.embedded.EmbeddedDatabaseFactory Starting embedded database: url='jdbc:h2:mem:testdb;DB_CLOSE_DELAY=-1;DB_CLOSE_ON_EXIT=false', username='sa'
2021-09-29 15:36:44,027 INFO org.springframework.jdbc.datasource.embedded.EmbeddedDatabaseFactory Starting embedded database: url='jdbc:h2:mem:testdb;DB_CLOSE_DELAY=-1;DB_CLOSE_ON_EXIT=false', username='sa'
2021-09-29 15:36:44,056 INFO org.springframework.jdbc.datasource.embedded.EmbeddedDatabaseFactory Starting embedded database: url='jdbc:h2:mem:testdb;DB_CLOSE_DELAY=-1;DB_CLOSE_ON_EXIT=false', username='sa'
2021-09-29 15:36:44,082 INFO org.springframework.jdbc.datasource.embedded.EmbeddedDatabaseFactory Starting embedded database: url='jdbc:h2:mem:testdb;DB_CLOSE_DELAY=-1;DB_CLOSE_ON_EXIT=false', username='sa'
2021-09-29 15:36:44,122 INFO org.springframework.jdbc.datasource.embedded.EmbeddedDatabaseFactory Starting embedded database: url='jdbc:h2:mem:testdb;DB_CLOSE_DELAY=-1;DB_CLOSE_ON_EXIT=false', username='sa'
2021-09-29 15:36:44,146 INFO org.springframework.jdbc.datasource.embedded.EmbeddedDatabaseFactory Starting embedded database: url='jdbc:h2:mem:testdb;DB_CLOSE_DELAY=-1;DB_CLOSE_ON_EXIT=false', username='sa'
2021-09-29 15:36:44,316 INFO org.springframework.jdbc.datasource.embedded.EmbeddedDatabaseFactory Starting embedded database: url='jdbc:h2:mem:testdb;DB_CLOSE_DELAY=-1;DB_CLOSE_ON_EXIT=false', username='sa'
2021-09-29 15:36:44,338 INFO org.springframework.jdbc.datasource.embedded.EmbeddedDatabaseFactory Starting embedded database: url='jdbc:h2:mem:testdb;DB_CLOSE_DELAY=-1;DB_CLOSE_ON_EXIT=false', username='sa'
2021-09-29 15:36:44,360 INFO org.springframework.jdbc.datasource.embedded.EmbeddedDatabaseFactory Starting embedded database: url='jdbc:h2:mem:testdb;DB_CLOSE_DELAY=-1;DB_CLOSE_ON_EXIT=false', username='sa'
2021-09-29 15:36:44,380 INFO org.springframework.jdbc.datasource.embedded.EmbeddedDatabaseFactory Starting embedded database: url='jdbc:h2:mem:testdb;DB_CLOSE_DELAY=-1;DB_CLOSE_ON_EXIT=false', username='sa'
2021-09-29 15:36:44,395 INFO org.springframework.jdbc.datasource.embedded.EmbeddedDatabaseFactory Starting embedded database: url='jdbc:h2:mem:testdb;DB_CLOSE_DELAY=-1;DB_CLOSE_ON_EXIT=false', username='sa'
2021-09-29 15:36:44,416 INFO org.springframework.jdbc.datasource.embedded.EmbeddedDatabaseFactory Starting embedded database: url='jdbc:h2:mem:testdb;DB_CLOSE_DELAY=-1;DB_CLOSE_ON_EXIT=false', username='sa'
2021-09-29 15:36:44,432 INFO org.springframework.jdbc.datasource.embedded.EmbeddedDatabaseFactory Starting embedded database: url='jdbc:h2:mem:testdb;DB_CLOSE_DELAY=-1;DB_CLOSE_ON_EXIT=false', username='sa'
2021-09-29 15:36:44,445 INFO org.springframework.jdbc.datasource.embedded.EmbeddedDatabaseFactory Starting embedded database: url='jdbc:h2:mem:testdb;DB_CLOSE_DELAY=-1;DB_CLOSE_ON_EXIT=false', username='sa'
2021-09-29 15:36:44,458 INFO org.springframework.jdbc.datasource.embedded.EmbeddedDatabaseFactory Starting embedded database: url='jdbc:h2:mem:testdb;DB_CLOSE_DELAY=-1;DB_CLOSE_ON_EXIT=false', username='sa'
2021-09-29 15:36:44,475 INFO org.springframework.jdbc.datasource.embedded.EmbeddedDatabaseFactory Starting embedded database: url='jdbc:h2:mem:testdb;DB_CLOSE_DELAY=-1;DB_CLOSE_ON_EXIT=false', username='sa'
2021-09-29 15:36:44,491 INFO org.springframework.jdbc.datasource.embedded.EmbeddedDatabaseFactory Starting embedded database: url='jdbc:h2:mem:testdb;DB_CLOSE_DELAY=-1;DB_CLOSE_ON_EXIT=false', username='sa'
2021-09-29 15:36:44,513 INFO org.springframework.jdbc.datasource.embedded.EmbeddedDatabaseFactory Starting embedded database: url='jdbc:h2:mem:testdb;DB_CLOSE_DELAY=-1;DB_CLOSE_ON_EXIT=false', username='sa'
2021-09-29 15:36:44,530 INFO org.springframework.jdbc.datasource.embedded.EmbeddedDatabaseFactory Starting embedded database: url='jdbc:h2:mem:testdb;DB_CLOSE_DELAY=-1;DB_CLOSE_ON_EXIT=false', username='sa'
2021-09-29 15:36:44,546 INFO org.springframework.jdbc.datasource.embedded.EmbeddedDatabaseFactory Starting embedded database: url='jdbc:h2:mem:testdb;DB_CLOSE_DELAY=-1;DB_CLOSE_ON_EXIT=false', username='sa'
2021-09-29 15:36:44,561 INFO org.springframework.jdbc.datasource.embedded.EmbeddedDatabaseFactory Starting embedded database: url='jdbc:h2:mem:testdb;DB_CLOSE_DELAY=-1;DB_CLOSE_ON_EXIT=false', username='sa'
2021-09-29 15:36:44,717 INFO org.springframework.jdbc.datasource.embedded.EmbeddedDatabaseFactory Starting embedded database: url='jdbc:h2:mem:testdb;DB_CLOSE_DELAY=-1;DB_CLOSE_ON_EXIT=false', username='sa'
2021-09-29 15:36:44,729 INFO org.springframework.jdbc.datasource.embedded.EmbeddedDatabaseFactory Starting embedded database: url='jdbc:h2:mem:testdb;DB_CLOSE_DELAY=-1;DB_CLOSE_ON_EXIT=false', username='sa'
2021-09-29 15:36:44,742 INFO org.springframework.jdbc.datasource.embedded.EmbeddedDatabaseFactory Starting embedded database: url='jdbc:h2:mem:testdb;DB_CLOSE_DELAY=-1;DB_CLOSE_ON_EXIT=false', username='sa'
2021-09-29 15:36:44,757 INFO org.springframework.jdbc.datasource.embedded.EmbeddedDatabaseFactory Starting embedded database: url='jdbc:h2:mem:testdb;DB_CLOSE_DELAY=-1;DB_CLOSE_ON_EXIT=false', username='sa'
2021-09-29 15:36:44,769 INFO org.springframework.jdbc.datasource.embedded.EmbeddedDatabaseFactory Starting embedded database: url='jdbc:h2:mem:testdb;DB_CLOSE_DELAY=-1;DB_CLOSE_ON_EXIT=false', username='sa'
2021-09-29 15:36:44,782 INFO org.springframework.jdbc.datasource.embedded.EmbeddedDatabaseFactory Starting embedded database: url='jdbc:h2:mem:testdb;DB_CLOSE_DELAY=-1;DB_CLOSE_ON_EXIT=false', username='sa'
2021-09-29 15:36:44,798 INFO org.springframework.jdbc.datasource.embedded.EmbeddedDatabaseFactory Starting embedded database: url='jdbc:h2:mem:testdb;DB_CLOSE_DELAY=-1;DB_CLOSE_ON_EXIT=false', username='sa'
2021-09-29 15:36:44,812 INFO org.springframework.jdbc.datasource.embedded.EmbeddedDatabaseFactory Starting embedded database: url='jdbc:h2:mem:testdb;DB_CLOSE_DELAY=-1;DB_CLOSE_ON_EXIT=false', username='sa'
2021-09-29 15:36:44,925 INFO org.springframework.jdbc.datasource.embedded.EmbeddedDatabaseFactory Starting embedded database: url='jdbc:h2:mem:testdb;DB_CLOSE_DELAY=-1;DB_CLOSE_ON_EXIT=false', username='sa'
2021-09-29 15:36:44,938 INFO org.springframework.jdbc.datasource.embedded.EmbeddedDatabaseFactory Starting embedded database: url='jdbc:h2:mem:testdb;DB_CLOSE_DELAY=-1;DB_CLOSE_ON_EXIT=false', username='sa'
2021-09-29 15:36:44,953 INFO org.springframework.jdbc.datasource.embedded.EmbeddedDatabaseFactory Starting embedded database: url='jdbc:h2:mem:testdb;DB_CLOSE_DELAY=-1;DB_CLOSE_ON_EXIT=false', username='sa'
2021-09-29 15:36:44,966 INFO org.springframework.jdbc.datasource.embedded.EmbeddedDatabaseFactory Starting embedded database: url='jdbc:h2:mem:testdb;DB_CLOSE_DELAY=-1;DB_CLOSE_ON_EXIT=false', username='sa'
2021-09-29 15:36:44,976 INFO org.springframework.jdbc.datasource.embedded.EmbeddedDatabaseFactory Starting embedded database: url='jdbc:h2:mem:testdb;DB_CLOSE_DELAY=-1;DB_CLOSE_ON_EXIT=false', username='sa'
2021-09-29 15:36:44,988 INFO org.springframework.jdbc.datasource.embedded.EmbeddedDatabaseFactory Starting embedded database: url='jdbc:h2:mem:testdb;DB_CLOSE_DELAY=-1;DB_CLOSE_ON_EXIT=false', username='sa'
2021-09-29 15:36:44,998 INFO org.springframework.jdbc.datasource.embedded.EmbeddedDatabaseFactory Starting embedded database: url='jdbc:h2:mem:testdb;DB_CLOSE_DELAY=-1;DB_CLOSE_ON_EXIT=false', username='sa'
2021-09-29 15:36:45,009 INFO org.springframework.jdbc.datasource.embedded.EmbeddedDatabaseFactory Starting embedded database: url='jdbc:h2:mem:testdb;DB_CLOSE_DELAY=-1;DB_CLOSE_ON_EXIT=false', username='sa'
2021-09-29 15:36:45,020 INFO org.springframework.jdbc.datasource.embedded.EmbeddedDatabaseFactory Starting embedded database: url='jdbc:h2:mem:testdb;DB_CLOSE_DELAY=-1;DB_CLOSE_ON_EXIT=false', username='sa'
2021-09-29 15:36:45,029 INFO org.springframework.jdbc.datasource.embedded.EmbeddedDatabaseFactory Starting embedded database: url='jdbc:h2:mem:testdb;DB_CLOSE_DELAY=-1;DB_CLOSE_ON_EXIT=false', username='sa'
2021-09-29 15:36:45,039 INFO org.springframework.jdbc.datasource.embedded.EmbeddedDatabaseFactory Starting embedded database: url='jdbc:h2:mem:testdb;DB_CLOSE_DELAY=-1;DB_CLOSE_ON_EXIT=false', username='sa'
2021-09-29 15:36:45,049 INFO org.springframework.jdbc.datasource.embedded.EmbeddedDatabaseFactory Starting embedded database: url='jdbc:h2:mem:testdb;DB_CLOSE_DELAY=-1;DB_CLOSE_ON_EXIT=false', username='sa'
2021-09-29 15:36:45,058 INFO org.springframework.jdbc.datasource.embedded.EmbeddedDatabaseFactory Starting embedded database: url='jdbc:h2:mem:testdb;DB_CLOSE_DELAY=-1;DB_CLOSE_ON_EXIT=false', username='sa'
2021-09-29 15:36:45,067 INFO org.springframework.jdbc.datasource.embedded.EmbeddedDatabaseFactory Starting embedded database: url='jdbc:h2:mem:testdb;DB_CLOSE_DELAY=-1;DB_CLOSE_ON_EXIT=false', username='sa'
2021-09-29 15:36:45,076 INFO org.springframework.jdbc.datasource.embedded.EmbeddedDatabaseFactory Starting embedded database: url='jdbc:h2:mem:testdb;DB_CLOSE_DELAY=-1;DB_CLOSE_ON_EXIT=false', username='sa'
2021-09-29 15:36:45,084 INFO org.springframework.jdbc.datasource.embedded.EmbeddedDatabaseFactory Starting embedded database: url='jdbc:h2:mem:testdb;DB_CLOSE_DELAY=-1;DB_CLOSE_ON_EXIT=false', username='sa'
2021-09-29 15:36:45,092 INFO org.springframework.jdbc.datasource.embedded.EmbeddedDatabaseFactory Starting embedded database: url='jdbc:h2:mem:testdb;DB_CLOSE_DELAY=-1;DB_CLOSE_ON_EXIT=false', username='sa'
2021-09-29 15:36:45,106 INFO org.springframework.jdbc.datasource.embedded.EmbeddedDatabaseFactory Starting embedded database: url='jdbc:h2:mem:testdb;DB_CLOSE_DELAY=-1;DB_CLOSE_ON_EXIT=false', username='sa'
2021-09-29 15:36:45,114 INFO org.springframework.jdbc.datasource.embedded.EmbeddedDatabaseFactory Starting embedded database: url='jdbc:h2:mem:testdb;DB_CLOSE_DELAY=-1;DB_CLOSE_ON_EXIT=false', username='sa'
2021-09-29 15:36:45,123 INFO org.springframework.jdbc.datasource.embedded.EmbeddedDatabaseFactory Starting embedded database: url='jdbc:h2:mem:testdb;DB_CLOSE_DELAY=-1;DB_CLOSE_ON_EXIT=false', username='sa'
2021-09-29 15:36:45,132 INFO org.springframework.jdbc.datasource.embedded.EmbeddedDatabaseFactory Starting embedded database: url='jdbc:h2:mem:testdb;DB_CLOSE_DELAY=-1;DB_CLOSE_ON_EXIT=false', username='sa'
2021-09-29 15:36:45,144 INFO org.springframework.jdbc.datasource.embedded.EmbeddedDatabaseFactory Starting embedded database: url='jdbc:h2:mem:testdb;DB_CLOSE_DELAY=-1;DB_CLOSE_ON_EXIT=false', username='sa'
2021-09-29 15:36:45,158 INFO org.springframework.jdbc.datasource.embedded.EmbeddedDatabaseFactory Starting embedded database: url='jdbc:h2:mem:testdb;DB_CLOSE_DELAY=-1;DB_CLOSE_ON_EXIT=false', username='sa'
2021-09-29 15:36:45,172 INFO org.springframework.jdbc.datasource.embedded.EmbeddedDatabaseFactory Starting embedded database: url='jdbc:h2:mem:testdb;DB_CLOSE_DELAY=-1;DB_CLOSE_ON_EXIT=false', username='sa'
2021-09-29 15:36:45,186 INFO org.springframework.jdbc.datasource.embedded.EmbeddedDatabaseFactory Starting embedded database: url='jdbc:h2:mem:testdb;DB_CLOSE_DELAY=-1;DB_CLOSE_ON_EXIT=false', username='sa'
2021-09-29 15:36:45,268 INFO ua.com.foxminded.university.service.impl.StudentServiceImpl Student registration started
2021-09-29 15:36:45,270 INFO ua.com.foxminded.university.service.impl.StudentServiceImpl Checking student existence in DB
2021-09-29 15:36:45,270 INFO ua.com.foxminded.university.service.impl.StudentServiceImpl Validating student...
2021-09-29 15:36:45,274 INFO ua.com.foxminded.university.service.impl.StudentServiceImpl Student registration started
2021-09-29 15:36:45,274 INFO ua.com.foxminded.university.service.impl.StudentServiceImpl Checking student existence in DB
2021-09-29 15:36:45,274 INFO ua.com.foxminded.university.service.impl.StudentServiceImpl Validating student...
2021-09-29 15:36:45,274 INFO ua.com.foxminded.university.service.impl.StudentServiceImpl Student successfully saved
2021-09-29 15:36:45,284 INFO ua.com.foxminded.university.service.impl.StudentServiceImpl Student registration started
2021-09-29 15:36:45,284 INFO ua.com.foxminded.university.service.impl.StudentServiceImpl Checking student existence in DB
2021-09-29 15:36:45,285 ERROR ua.com.foxminded.university.service.impl.StudentServiceImpl Student already exists
2021-09-29 15:39:09,939 INFO org.springframework.jdbc.datasource.embedded.EmbeddedDatabaseFactory Starting embedded database: url='jdbc:h2:mem:testdb;DB_CLOSE_DELAY=-1;DB_CLOSE_ON_EXIT=false', username='sa'
2021-09-29 15:39:10,198 INFO org.springframework.jdbc.datasource.embedded.EmbeddedDatabaseFactory Starting embedded database: url='jdbc:h2:mem:testdb;DB_CLOSE_DELAY=-1;DB_CLOSE_ON_EXIT=false', username='sa'
2021-09-29 15:39:10,293 INFO org.springframework.jdbc.datasource.embedded.EmbeddedDatabaseFactory Starting embedded database: url='jdbc:h2:mem:testdb;DB_CLOSE_DELAY=-1;DB_CLOSE_ON_EXIT=false', username='sa'
2021-09-29 15:39:10,333 INFO org.springframework.jdbc.datasource.embedded.EmbeddedDatabaseFactory Starting embedded database: url='jdbc:h2:mem:testdb;DB_CLOSE_DELAY=-1;DB_CLOSE_ON_EXIT=false', username='sa'
2021-09-29 15:39:10,366 INFO org.springframework.jdbc.datasource.embedded.EmbeddedDatabaseFactory Starting embedded database: url='jdbc:h2:mem:testdb;DB_CLOSE_DELAY=-1;DB_CLOSE_ON_EXIT=false', username='sa'
2021-09-29 15:39:10,396 INFO org.springframework.jdbc.datasource.embedded.EmbeddedDatabaseFactory Starting embedded database: url='jdbc:h2:mem:testdb;DB_CLOSE_DELAY=-1;DB_CLOSE_ON_EXIT=false', username='sa'
2021-09-29 15:39:10,445 INFO org.springframework.jdbc.datasource.embedded.EmbeddedDatabaseFactory Starting embedded database: url='jdbc:h2:mem:testdb;DB_CLOSE_DELAY=-1;DB_CLOSE_ON_EXIT=false', username='sa'
2021-09-29 15:39:10,480 INFO org.springframework.jdbc.datasource.embedded.EmbeddedDatabaseFactory Starting embedded database: url='jdbc:h2:mem:testdb;DB_CLOSE_DELAY=-1;DB_CLOSE_ON_EXIT=false', username='sa'
2021-09-29 15:39:10,672 INFO org.springframework.jdbc.datasource.embedded.EmbeddedDatabaseFactory Starting embedded database: url='jdbc:h2:mem:testdb;DB_CLOSE_DELAY=-1;DB_CLOSE_ON_EXIT=false', username='sa'
2021-09-29 15:39:10,699 INFO org.springframework.jdbc.datasource.embedded.EmbeddedDatabaseFactory Starting embedded database: url='jdbc:h2:mem:testdb;DB_CLOSE_DELAY=-1;DB_CLOSE_ON_EXIT=false', username='sa'
2021-09-29 15:39:10,724 INFO org.springframework.jdbc.datasource.embedded.EmbeddedDatabaseFactory Starting embedded database: url='jdbc:h2:mem:testdb;DB_CLOSE_DELAY=-1;DB_CLOSE_ON_EXIT=false', username='sa'
2021-09-29 15:39:10,746 INFO org.springframework.jdbc.datasource.embedded.EmbeddedDatabaseFactory Starting embedded database: url='jdbc:h2:mem:testdb;DB_CLOSE_DELAY=-1;DB_CLOSE_ON_EXIT=false', username='sa'
2021-09-29 15:39:10,768 INFO org.springframework.jdbc.datasource.embedded.EmbeddedDatabaseFactory Starting embedded database: url='jdbc:h2:mem:testdb;DB_CLOSE_DELAY=-1;DB_CLOSE_ON_EXIT=false', username='sa'
2021-09-29 15:39:10,792 INFO org.springframework.jdbc.datasource.embedded.EmbeddedDatabaseFactory Starting embedded database: url='jdbc:h2:mem:testdb;DB_CLOSE_DELAY=-1;DB_CLOSE_ON_EXIT=false', username='sa'
2021-09-29 15:39:10,810 INFO org.springframework.jdbc.datasource.embedded.EmbeddedDatabaseFactory Starting embedded database: url='jdbc:h2:mem:testdb;DB_CLOSE_DELAY=-1;DB_CLOSE_ON_EXIT=false', username='sa'
2021-09-29 15:39:10,828 INFO org.springframework.jdbc.datasource.embedded.EmbeddedDatabaseFactory Starting embedded database: url='jdbc:h2:mem:testdb;DB_CLOSE_DELAY=-1;DB_CLOSE_ON_EXIT=false', username='sa'
2021-09-29 15:39:10,844 INFO org.springframework.jdbc.datasource.embedded.EmbeddedDatabaseFactory Starting embedded database: url='jdbc:h2:mem:testdb;DB_CLOSE_DELAY=-1;DB_CLOSE_ON_EXIT=false', username='sa'
2021-09-29 15:39:10,864 INFO org.springframework.jdbc.datasource.embedded.EmbeddedDatabaseFactory Starting embedded database: url='jdbc:h2:mem:testdb;DB_CLOSE_DELAY=-1;DB_CLOSE_ON_EXIT=false', username='sa'
2021-09-29 15:39:10,883 INFO org.springframework.jdbc.datasource.embedded.EmbeddedDatabaseFactory Starting embedded database: url='jdbc:h2:mem:testdb;DB_CLOSE_DELAY=-1;DB_CLOSE_ON_EXIT=false', username='sa'
2021-09-29 15:39:10,910 INFO org.springframework.jdbc.datasource.embedded.EmbeddedDatabaseFactory Starting embedded database: url='jdbc:h2:mem:testdb;DB_CLOSE_DELAY=-1;DB_CLOSE_ON_EXIT=false', username='sa'
2021-09-29 15:39:10,929 INFO org.springframework.jdbc.datasource.embedded.EmbeddedDatabaseFactory Starting embedded database: url='jdbc:h2:mem:testdb;DB_CLOSE_DELAY=-1;DB_CLOSE_ON_EXIT=false', username='sa'
2021-09-29 15:39:10,945 INFO org.springframework.jdbc.datasource.embedded.EmbeddedDatabaseFactory Starting embedded database: url='jdbc:h2:mem:testdb;DB_CLOSE_DELAY=-1;DB_CLOSE_ON_EXIT=false', username='sa'
2021-09-29 15:39:10,961 INFO org.springframework.jdbc.datasource.embedded.EmbeddedDatabaseFactory Starting embedded database: url='jdbc:h2:mem:testdb;DB_CLOSE_DELAY=-1;DB_CLOSE_ON_EXIT=false', username='sa'
2021-09-29 15:39:11,149 INFO org.springframework.jdbc.datasource.embedded.EmbeddedDatabaseFactory Starting embedded database: url='jdbc:h2:mem:testdb;DB_CLOSE_DELAY=-1;DB_CLOSE_ON_EXIT=false', username='sa'
2021-09-29 15:39:11,162 INFO org.springframework.jdbc.datasource.embedded.EmbeddedDatabaseFactory Starting embedded database: url='jdbc:h2:mem:testdb;DB_CLOSE_DELAY=-1;DB_CLOSE_ON_EXIT=false', username='sa'
2021-09-29 15:39:11,178 INFO org.springframework.jdbc.datasource.embedded.EmbeddedDatabaseFactory Starting embedded database: url='jdbc:h2:mem:testdb;DB_CLOSE_DELAY=-1;DB_CLOSE_ON_EXIT=false', username='sa'
2021-09-29 15:39:11,195 INFO org.springframework.jdbc.datasource.embedded.EmbeddedDatabaseFactory Starting embedded database: url='jdbc:h2:mem:testdb;DB_CLOSE_DELAY=-1;DB_CLOSE_ON_EXIT=false', username='sa'
2021-09-29 15:39:11,212 INFO org.springframework.jdbc.datasource.embedded.EmbeddedDatabaseFactory Starting embedded database: url='jdbc:h2:mem:testdb;DB_CLOSE_DELAY=-1;DB_CLOSE_ON_EXIT=false', username='sa'
2021-09-29 15:39:11,227 INFO org.springframework.jdbc.datasource.embedded.EmbeddedDatabaseFactory Starting embedded database: url='jdbc:h2:mem:testdb;DB_CLOSE_DELAY=-1;DB_CLOSE_ON_EXIT=false', username='sa'
2021-09-29 15:39:11,241 INFO org.springframework.jdbc.datasource.embedded.EmbeddedDatabaseFactory Starting embedded database: url='jdbc:h2:mem:testdb;DB_CLOSE_DELAY=-1;DB_CLOSE_ON_EXIT=false', username='sa'
2021-09-29 15:39:11,256 INFO org.springframework.jdbc.datasource.embedded.EmbeddedDatabaseFactory Starting embedded database: url='jdbc:h2:mem:testdb;DB_CLOSE_DELAY=-1;DB_CLOSE_ON_EXIT=false', username='sa'
2021-09-29 15:39:11,387 INFO org.springframework.jdbc.datasource.embedded.EmbeddedDatabaseFactory Starting embedded database: url='jdbc:h2:mem:testdb;DB_CLOSE_DELAY=-1;DB_CLOSE_ON_EXIT=false', username='sa'
2021-09-29 15:39:11,403 INFO org.springframework.jdbc.datasource.embedded.EmbeddedDatabaseFactory Starting embedded database: url='jdbc:h2:mem:testdb;DB_CLOSE_DELAY=-1;DB_CLOSE_ON_EXIT=false', username='sa'
2021-09-29 15:39:11,421 INFO org.springframework.jdbc.datasource.embedded.EmbeddedDatabaseFactory Starting embedded database: url='jdbc:h2:mem:testdb;DB_CLOSE_DELAY=-1;DB_CLOSE_ON_EXIT=false', username='sa'
2021-09-29 15:39:11,437 INFO org.springframework.jdbc.datasource.embedded.EmbeddedDatabaseFactory Starting embedded database: url='jdbc:h2:mem:testdb;DB_CLOSE_DELAY=-1;DB_CLOSE_ON_EXIT=false', username='sa'
2021-09-29 15:39:11,448 INFO org.springframework.jdbc.datasource.embedded.EmbeddedDatabaseFactory Starting embedded database: url='jdbc:h2:mem:testdb;DB_CLOSE_DELAY=-1;DB_CLOSE_ON_EXIT=false', username='sa'
2021-09-29 15:39:11,459 INFO org.springframework.jdbc.datasource.embedded.EmbeddedDatabaseFactory Starting embedded database: url='jdbc:h2:mem:testdb;DB_CLOSE_DELAY=-1;DB_CLOSE_ON_EXIT=false', username='sa'
2021-09-29 15:39:11,472 INFO org.springframework.jdbc.datasource.embedded.EmbeddedDatabaseFactory Starting embedded database: url='jdbc:h2:mem:testdb;DB_CLOSE_DELAY=-1;DB_CLOSE_ON_EXIT=false', username='sa'
2021-09-29 15:39:11,482 INFO org.springframework.jdbc.datasource.embedded.EmbeddedDatabaseFactory Starting embedded database: url='jdbc:h2:mem:testdb;DB_CLOSE_DELAY=-1;DB_CLOSE_ON_EXIT=false', username='sa'
2021-09-29 15:39:11,493 INFO org.springframework.jdbc.datasource.embedded.EmbeddedDatabaseFactory Starting embedded database: url='jdbc:h2:mem:testdb;DB_CLOSE_DELAY=-1;DB_CLOSE_ON_EXIT=false', username='sa'
2021-09-29 15:39:11,502 INFO org.springframework.jdbc.datasource.embedded.EmbeddedDatabaseFactory Starting embedded database: url='jdbc:h2:mem:testdb;DB_CLOSE_DELAY=-1;DB_CLOSE_ON_EXIT=false', username='sa'
2021-09-29 15:39:11,513 INFO org.springframework.jdbc.datasource.embedded.EmbeddedDatabaseFactory Starting embedded database: url='jdbc:h2:mem:testdb;DB_CLOSE_DELAY=-1;DB_CLOSE_ON_EXIT=false', username='sa'
2021-09-29 15:39:11,523 INFO org.springframework.jdbc.datasource.embedded.EmbeddedDatabaseFactory Starting embedded database: url='jdbc:h2:mem:testdb;DB_CLOSE_DELAY=-1;DB_CLOSE_ON_EXIT=false', username='sa'
2021-09-29 15:39:11,532 INFO org.springframework.jdbc.datasource.embedded.EmbeddedDatabaseFactory Starting embedded database: url='jdbc:h2:mem:testdb;DB_CLOSE_DELAY=-1;DB_CLOSE_ON_EXIT=false', username='sa'
2021-09-29 15:39:11,542 INFO org.springframework.jdbc.datasource.embedded.EmbeddedDatabaseFactory Starting embedded database: url='jdbc:h2:mem:testdb;DB_CLOSE_DELAY=-1;DB_CLOSE_ON_EXIT=false', username='sa'
2021-09-29 15:39:11,549 INFO org.springframework.jdbc.datasource.embedded.EmbeddedDatabaseFactory Starting embedded database: url='jdbc:h2:mem:testdb;DB_CLOSE_DELAY=-1;DB_CLOSE_ON_EXIT=false', username='sa'
2021-09-29 15:39:11,557 INFO org.springframework.jdbc.datasource.embedded.EmbeddedDatabaseFactory Starting embedded database: url='jdbc:h2:mem:testdb;DB_CLOSE_DELAY=-1;DB_CLOSE_ON_EXIT=false', username='sa'
2021-09-29 15:39:11,570 INFO org.springframework.jdbc.datasource.embedded.EmbeddedDatabaseFactory Starting embedded database: url='jdbc:h2:mem:testdb;DB_CLOSE_DELAY=-1;DB_CLOSE_ON_EXIT=false', username='sa'
2021-09-29 15:39:11,579 INFO org.springframework.jdbc.datasource.embedded.EmbeddedDatabaseFactory Starting embedded database: url='jdbc:h2:mem:testdb;DB_CLOSE_DELAY=-1;DB_CLOSE_ON_EXIT=false', username='sa'
2021-09-29 15:39:11,588 INFO org.springframework.jdbc.datasource.embedded.EmbeddedDatabaseFactory Starting embedded database: url='jdbc:h2:mem:testdb;DB_CLOSE_DELAY=-1;DB_CLOSE_ON_EXIT=false', username='sa'
2021-09-29 15:39:11,595 INFO org.springframework.jdbc.datasource.embedded.EmbeddedDatabaseFactory Starting embedded database: url='jdbc:h2:mem:testdb;DB_CLOSE_DELAY=-1;DB_CLOSE_ON_EXIT=false', username='sa'
2021-09-29 15:39:11,603 INFO org.springframework.jdbc.datasource.embedded.EmbeddedDatabaseFactory Starting embedded database: url='jdbc:h2:mem:testdb;DB_CLOSE_DELAY=-1;DB_CLOSE_ON_EXIT=false', username='sa'
2021-09-29 15:39:11,614 INFO org.springframework.jdbc.datasource.embedded.EmbeddedDatabaseFactory Starting embedded database: url='jdbc:h2:mem:testdb;DB_CLOSE_DELAY=-1;DB_CLOSE_ON_EXIT=false', username='sa'
2021-09-29 15:39:11,627 INFO org.springframework.jdbc.datasource.embedded.EmbeddedDatabaseFactory Starting embedded database: url='jdbc:h2:mem:testdb;DB_CLOSE_DELAY=-1;DB_CLOSE_ON_EXIT=false', username='sa'
2021-09-29 15:39:11,640 INFO org.springframework.jdbc.datasource.embedded.EmbeddedDatabaseFactory Starting embedded database: url='jdbc:h2:mem:testdb;DB_CLOSE_DELAY=-1;DB_CLOSE_ON_EXIT=false', username='sa'
2021-09-29 15:39:11,654 INFO org.springframework.jdbc.datasource.embedded.EmbeddedDatabaseFactory Starting embedded database: url='jdbc:h2:mem:testdb;DB_CLOSE_DELAY=-1;DB_CLOSE_ON_EXIT=false', username='sa'
2021-09-29 15:39:11,743 INFO ua.com.foxminded.university.service.impl.StudentServiceImpl Student registration started
2021-09-29 15:39:11,745 INFO ua.com.foxminded.university.service.impl.StudentServiceImpl Checking student existence in DB
2021-09-29 15:39:11,745 INFO ua.com.foxminded.university.service.impl.StudentServiceImpl Validating student...
2021-09-29 15:39:11,748 INFO ua.com.foxminded.university.service.impl.StudentServiceImpl Student registration started
2021-09-29 15:39:11,748 INFO ua.com.foxminded.university.service.impl.StudentServiceImpl Checking student existence in DB
2021-09-29 15:39:11,748 INFO ua.com.foxminded.university.service.impl.StudentServiceImpl Validating student...
2021-09-29 15:39:11,748 INFO ua.com.foxminded.university.service.impl.StudentServiceImpl Student successfully saved
2021-09-29 15:39:11,760 INFO ua.com.foxminded.university.service.impl.StudentServiceImpl Student registration started
2021-09-29 15:39:11,760 INFO ua.com.foxminded.university.service.impl.StudentServiceImpl Checking student existence in DB
2021-09-29 15:39:11,760 ERROR ua.com.foxminded.university.service.impl.StudentServiceImpl Student already exists
2021-09-29 15:58:28,927 INFO ua.com.foxminded.university.service.impl.StudentServiceImpl Student registration started
2021-09-29 15:58:28,932 INFO ua.com.foxminded.university.service.impl.StudentServiceImpl Checking student existence in DB
2021-09-29 15:58:28,932 INFO ua.com.foxminded.university.service.impl.StudentServiceImpl Validating student...
2021-09-29 15:58:28,936 INFO ua.com.foxminded.university.service.impl.StudentServiceImpl Student registration started
2021-09-29 15:58:28,936 INFO ua.com.foxminded.university.service.impl.StudentServiceImpl Checking student existence in DB
2021-09-29 15:58:28,936 INFO ua.com.foxminded.university.service.impl.StudentServiceImpl Validating student...
2021-09-29 15:58:28,936 INFO ua.com.foxminded.university.service.impl.StudentServiceImpl Student successfully saved
2021-09-29 15:58:28,948 INFO ua.com.foxminded.university.service.impl.StudentServiceImpl Student registration started
2021-09-29 15:58:28,948 INFO ua.com.foxminded.university.service.impl.StudentServiceImpl Checking student existence in DB
2021-09-29 15:58:28,948 ERROR ua.com.foxminded.university.service.impl.StudentServiceImpl Student already exists
2021-09-29 15:58:29,199 INFO org.springframework.jdbc.datasource.embedded.EmbeddedDatabaseFactory Starting embedded database: url='jdbc:h2:mem:testdb;DB_CLOSE_DELAY=-1;DB_CLOSE_ON_EXIT=false', username='sa'
2021-09-29 15:58:29,877 INFO org.springframework.jdbc.datasource.embedded.EmbeddedDatabaseFactory Starting embedded database: url='jdbc:h2:mem:testdb;DB_CLOSE_DELAY=-1;DB_CLOSE_ON_EXIT=false', username='sa'
2021-09-29 15:58:29,935 INFO org.springframework.jdbc.datasource.embedded.EmbeddedDatabaseFactory Starting embedded database: url='jdbc:h2:mem:testdb;DB_CLOSE_DELAY=-1;DB_CLOSE_ON_EXIT=false', username='sa'
2021-09-29 15:58:30,001 INFO org.springframework.jdbc.datasource.embedded.EmbeddedDatabaseFactory Starting embedded database: url='jdbc:h2:mem:testdb;DB_CLOSE_DELAY=-1;DB_CLOSE_ON_EXIT=false', username='sa'
2021-09-29 15:58:30,045 INFO org.springframework.jdbc.datasource.embedded.EmbeddedDatabaseFactory Starting embedded database: url='jdbc:h2:mem:testdb;DB_CLOSE_DELAY=-1;DB_CLOSE_ON_EXIT=false', username='sa'
2021-09-29 15:58:30,086 INFO org.springframework.jdbc.datasource.embedded.EmbeddedDatabaseFactory Starting embedded database: url='jdbc:h2:mem:testdb;DB_CLOSE_DELAY=-1;DB_CLOSE_ON_EXIT=false', username='sa'
2021-09-29 15:58:30,117 INFO org.springframework.jdbc.datasource.embedded.EmbeddedDatabaseFactory Starting embedded database: url='jdbc:h2:mem:testdb;DB_CLOSE_DELAY=-1;DB_CLOSE_ON_EXIT=false', username='sa'
2021-09-29 15:58:30,149 INFO org.springframework.jdbc.datasource.embedded.EmbeddedDatabaseFactory Starting embedded database: url='jdbc:h2:mem:testdb;DB_CLOSE_DELAY=-1;DB_CLOSE_ON_EXIT=false', username='sa'
2021-09-29 15:58:30,182 INFO org.springframework.jdbc.datasource.embedded.EmbeddedDatabaseFactory Starting embedded database: url='jdbc:h2:mem:testdb;DB_CLOSE_DELAY=-1;DB_CLOSE_ON_EXIT=false', username='sa'
2021-09-29 15:58:30,220 INFO org.springframework.jdbc.datasource.embedded.EmbeddedDatabaseFactory Starting embedded database: url='jdbc:h2:mem:testdb;DB_CLOSE_DELAY=-1;DB_CLOSE_ON_EXIT=false', username='sa'
2021-09-29 15:58:30,248 INFO org.springframework.jdbc.datasource.embedded.EmbeddedDatabaseFactory Starting embedded database: url='jdbc:h2:mem:testdb;DB_CLOSE_DELAY=-1;DB_CLOSE_ON_EXIT=false', username='sa'
2021-09-29 15:58:30,275 INFO org.springframework.jdbc.datasource.embedded.EmbeddedDatabaseFactory Starting embedded database: url='jdbc:h2:mem:testdb;DB_CLOSE_DELAY=-1;DB_CLOSE_ON_EXIT=false', username='sa'
2021-09-29 15:58:30,298 INFO org.springframework.jdbc.datasource.embedded.EmbeddedDatabaseFactory Starting embedded database: url='jdbc:h2:mem:testdb;DB_CLOSE_DELAY=-1;DB_CLOSE_ON_EXIT=false', username='sa'
2021-09-29 15:58:30,320 INFO org.springframework.jdbc.datasource.embedded.EmbeddedDatabaseFactory Starting embedded database: url='jdbc:h2:mem:testdb;DB_CLOSE_DELAY=-1;DB_CLOSE_ON_EXIT=false', username='sa'
2021-09-29 15:58:30,345 INFO org.springframework.jdbc.datasource.embedded.EmbeddedDatabaseFactory Starting embedded database: url='jdbc:h2:mem:testdb;DB_CLOSE_DELAY=-1;DB_CLOSE_ON_EXIT=false', username='sa'
2021-09-29 15:58:30,377 INFO org.springframework.jdbc.datasource.embedded.EmbeddedDatabaseFactory Starting embedded database: url='jdbc:h2:mem:testdb;DB_CLOSE_DELAY=-1;DB_CLOSE_ON_EXIT=false', username='sa'
2021-09-29 15:58:30,404 INFO org.springframework.jdbc.datasource.embedded.EmbeddedDatabaseFactory Starting embedded database: url='jdbc:h2:mem:testdb;DB_CLOSE_DELAY=-1;DB_CLOSE_ON_EXIT=false', username='sa'
2021-09-29 15:58:30,429 INFO org.springframework.jdbc.datasource.embedded.EmbeddedDatabaseFactory Starting embedded database: url='jdbc:h2:mem:testdb;DB_CLOSE_DELAY=-1;DB_CLOSE_ON_EXIT=false', username='sa'
2021-09-29 15:58:30,448 INFO org.springframework.jdbc.datasource.embedded.EmbeddedDatabaseFactory Starting embedded database: url='jdbc:h2:mem:testdb;DB_CLOSE_DELAY=-1;DB_CLOSE_ON_EXIT=false', username='sa'
2021-09-29 15:58:30,469 INFO org.springframework.jdbc.datasource.embedded.EmbeddedDatabaseFactory Starting embedded database: url='jdbc:h2:mem:testdb;DB_CLOSE_DELAY=-1;DB_CLOSE_ON_EXIT=false', username='sa'
2021-09-29 15:58:30,496 INFO org.springframework.jdbc.datasource.embedded.EmbeddedDatabaseFactory Starting embedded database: url='jdbc:h2:mem:testdb;DB_CLOSE_DELAY=-1;DB_CLOSE_ON_EXIT=false', username='sa'
2021-09-29 15:58:30,514 INFO org.springframework.jdbc.datasource.embedded.EmbeddedDatabaseFactory Starting embedded database: url='jdbc:h2:mem:testdb;DB_CLOSE_DELAY=-1;DB_CLOSE_ON_EXIT=false', username='sa'
2021-09-29 15:58:30,533 INFO org.springframework.jdbc.datasource.embedded.EmbeddedDatabaseFactory Starting embedded database: url='jdbc:h2:mem:testdb;DB_CLOSE_DELAY=-1;DB_CLOSE_ON_EXIT=false', username='sa'
2021-09-29 15:58:30,554 INFO org.springframework.jdbc.datasource.embedded.EmbeddedDatabaseFactory Starting embedded database: url='jdbc:h2:mem:testdb;DB_CLOSE_DELAY=-1;DB_CLOSE_ON_EXIT=false', username='sa'
2021-09-29 15:58:30,574 INFO org.springframework.jdbc.datasource.embedded.EmbeddedDatabaseFactory Starting embedded database: url='jdbc:h2:mem:testdb;DB_CLOSE_DELAY=-1;DB_CLOSE_ON_EXIT=false', username='sa'
2021-09-29 15:58:30,593 INFO org.springframework.jdbc.datasource.embedded.EmbeddedDatabaseFactory Starting embedded database: url='jdbc:h2:mem:testdb;DB_CLOSE_DELAY=-1;DB_CLOSE_ON_EXIT=false', username='sa'
2021-09-29 15:58:30,614 INFO org.springframework.jdbc.datasource.embedded.EmbeddedDatabaseFactory Starting embedded database: url='jdbc:h2:mem:testdb;DB_CLOSE_DELAY=-1;DB_CLOSE_ON_EXIT=false', username='sa'
2021-09-29 15:58:30,630 INFO org.springframework.jdbc.datasource.embedded.EmbeddedDatabaseFactory Starting embedded database: url='jdbc:h2:mem:testdb;DB_CLOSE_DELAY=-1;DB_CLOSE_ON_EXIT=false', username='sa'
2021-09-29 15:58:30,644 INFO org.springframework.jdbc.datasource.embedded.EmbeddedDatabaseFactory Starting embedded database: url='jdbc:h2:mem:testdb;DB_CLOSE_DELAY=-1;DB_CLOSE_ON_EXIT=false', username='sa'
2021-09-29 15:58:30,662 INFO org.springframework.jdbc.datasource.embedded.EmbeddedDatabaseFactory Starting embedded database: url='jdbc:h2:mem:testdb;DB_CLOSE_DELAY=-1;DB_CLOSE_ON_EXIT=false', username='sa'
2021-09-29 15:58:30,677 INFO org.springframework.jdbc.datasource.embedded.EmbeddedDatabaseFactory Starting embedded database: url='jdbc:h2:mem:testdb;DB_CLOSE_DELAY=-1;DB_CLOSE_ON_EXIT=false', username='sa'
2021-09-29 15:58:30,696 INFO org.springframework.jdbc.datasource.embedded.EmbeddedDatabaseFactory Starting embedded database: url='jdbc:h2:mem:testdb;DB_CLOSE_DELAY=-1;DB_CLOSE_ON_EXIT=false', username='sa'
2021-09-29 15:58:30,719 INFO org.springframework.jdbc.datasource.embedded.EmbeddedDatabaseFactory Starting embedded database: url='jdbc:h2:mem:testdb;DB_CLOSE_DELAY=-1;DB_CLOSE_ON_EXIT=false', username='sa'
2021-09-29 15:58:30,735 INFO org.springframework.jdbc.datasource.embedded.EmbeddedDatabaseFactory Starting embedded database: url='jdbc:h2:mem:testdb;DB_CLOSE_DELAY=-1;DB_CLOSE_ON_EXIT=false', username='sa'
2021-09-29 15:58:30,750 INFO org.springframework.jdbc.datasource.embedded.EmbeddedDatabaseFactory Starting embedded database: url='jdbc:h2:mem:testdb;DB_CLOSE_DELAY=-1;DB_CLOSE_ON_EXIT=false', username='sa'
2021-09-29 15:58:30,772 INFO org.springframework.jdbc.datasource.embedded.EmbeddedDatabaseFactory Starting embedded database: url='jdbc:h2:mem:testdb;DB_CLOSE_DELAY=-1;DB_CLOSE_ON_EXIT=false', username='sa'
2021-09-29 15:58:30,791 INFO org.springframework.jdbc.datasource.embedded.EmbeddedDatabaseFactory Starting embedded database: url='jdbc:h2:mem:testdb;DB_CLOSE_DELAY=-1;DB_CLOSE_ON_EXIT=false', username='sa'
2021-09-29 15:58:30,819 INFO org.springframework.jdbc.datasource.embedded.EmbeddedDatabaseFactory Starting embedded database: url='jdbc:h2:mem:testdb;DB_CLOSE_DELAY=-1;DB_CLOSE_ON_EXIT=false', username='sa'
2021-09-29 15:58:30,840 INFO org.springframework.jdbc.datasource.embedded.EmbeddedDatabaseFactory Starting embedded database: url='jdbc:h2:mem:testdb;DB_CLOSE_DELAY=-1;DB_CLOSE_ON_EXIT=false', username='sa'
2021-09-29 15:58:30,863 INFO org.springframework.jdbc.datasource.embedded.EmbeddedDatabaseFactory Starting embedded database: url='jdbc:h2:mem:testdb;DB_CLOSE_DELAY=-1;DB_CLOSE_ON_EXIT=false', username='sa'
2021-09-29 15:58:30,885 INFO org.springframework.jdbc.datasource.embedded.EmbeddedDatabaseFactory Starting embedded database: url='jdbc:h2:mem:testdb;DB_CLOSE_DELAY=-1;DB_CLOSE_ON_EXIT=false', username='sa'
2021-09-29 15:58:30,908 INFO org.springframework.jdbc.datasource.embedded.EmbeddedDatabaseFactory Starting embedded database: url='jdbc:h2:mem:testdb;DB_CLOSE_DELAY=-1;DB_CLOSE_ON_EXIT=false', username='sa'
2021-09-29 15:58:30,923 INFO org.springframework.jdbc.datasource.embedded.EmbeddedDatabaseFactory Starting embedded database: url='jdbc:h2:mem:testdb;DB_CLOSE_DELAY=-1;DB_CLOSE_ON_EXIT=false', username='sa'
2021-09-29 15:58:30,937 INFO org.springframework.jdbc.datasource.embedded.EmbeddedDatabaseFactory Starting embedded database: url='jdbc:h2:mem:testdb;DB_CLOSE_DELAY=-1;DB_CLOSE_ON_EXIT=false', username='sa'
2021-09-29 15:58:30,951 INFO org.springframework.jdbc.datasource.embedded.EmbeddedDatabaseFactory Starting embedded database: url='jdbc:h2:mem:testdb;DB_CLOSE_DELAY=-1;DB_CLOSE_ON_EXIT=false', username='sa'
2021-09-29 15:58:30,966 INFO org.springframework.jdbc.datasource.embedded.EmbeddedDatabaseFactory Starting embedded database: url='jdbc:h2:mem:testdb;DB_CLOSE_DELAY=-1;DB_CLOSE_ON_EXIT=false', username='sa'
2021-09-29 15:58:30,983 INFO org.springframework.jdbc.datasource.embedded.EmbeddedDatabaseFactory Starting embedded database: url='jdbc:h2:mem:testdb;DB_CLOSE_DELAY=-1;DB_CLOSE_ON_EXIT=false', username='sa'
2021-09-29 15:58:30,997 INFO org.springframework.jdbc.datasource.embedded.EmbeddedDatabaseFactory Starting embedded database: url='jdbc:h2:mem:testdb;DB_CLOSE_DELAY=-1;DB_CLOSE_ON_EXIT=false', username='sa'
2021-09-29 15:58:31,010 INFO org.springframework.jdbc.datasource.embedded.EmbeddedDatabaseFactory Starting embedded database: url='jdbc:h2:mem:testdb;DB_CLOSE_DELAY=-1;DB_CLOSE_ON_EXIT=false', username='sa'
2021-09-29 15:58:31,026 INFO org.springframework.jdbc.datasource.embedded.EmbeddedDatabaseFactory Starting embedded database: url='jdbc:h2:mem:testdb;DB_CLOSE_DELAY=-1;DB_CLOSE_ON_EXIT=false', username='sa'
2021-09-29 15:58:31,038 INFO org.springframework.jdbc.datasource.embedded.EmbeddedDatabaseFactory Starting embedded database: url='jdbc:h2:mem:testdb;DB_CLOSE_DELAY=-1;DB_CLOSE_ON_EXIT=false', username='sa'
2021-09-29 15:58:31,050 INFO org.springframework.jdbc.datasource.embedded.EmbeddedDatabaseFactory Starting embedded database: url='jdbc:h2:mem:testdb;DB_CLOSE_DELAY=-1;DB_CLOSE_ON_EXIT=false', username='sa'
2021-09-29 15:58:31,064 INFO org.springframework.jdbc.datasource.embedded.EmbeddedDatabaseFactory Starting embedded database: url='jdbc:h2:mem:testdb;DB_CLOSE_DELAY=-1;DB_CLOSE_ON_EXIT=false', username='sa'
2021-09-29 15:58:31,076 INFO org.springframework.jdbc.datasource.embedded.EmbeddedDatabaseFactory Starting embedded database: url='jdbc:h2:mem:testdb;DB_CLOSE_DELAY=-1;DB_CLOSE_ON_EXIT=false', username='sa'
2021-09-29 15:58:31,088 INFO org.springframework.jdbc.datasource.embedded.EmbeddedDatabaseFactory Starting embedded database: url='jdbc:h2:mem:testdb;DB_CLOSE_DELAY=-1;DB_CLOSE_ON_EXIT=false', username='sa'
2021-09-29 15:58:31,105 INFO org.springframework.jdbc.datasource.embedded.EmbeddedDatabaseFactory Starting embedded database: url='jdbc:h2:mem:testdb;DB_CLOSE_DELAY=-1;DB_CLOSE_ON_EXIT=false', username='sa'
